[2026-03-21 00:15:32] OK | summarize | workspace/input\ideas.txt
[2026-03-21 00:20:24] OK | summarize | workspace/input\ideas.txt
[2026-03-21 13:06:52] OK | summarize | C:\vaultmind\workspace\input\ideas.txt
[2026-03-21 19:12:26] FAIL | summarize | C:\vaultmind\workspace\input\Form_6_Hindi.pdf
[2026-03-21 19:23:34] FAIL | summarize | C:\vaultmind\workspace\input\Form_6_Hindi.pdf
[2026-03-21 19:49:51] OK | summarize | C:\vaultmind\workspace\input\Form_6_Hindi.pdf
[2026-03-21 21:04:53] OK | summarize | C:\vaultmind\workspace\input\Form_6_Hindi.pdf
[2026-03-21 22:17:15] OK | summarize | C:\vaultmind\workspace\input\Form_6_Hindi.pdf
[2026-03-21 23:44:04] OK | summarize | C:\vaultmind\workspace\input\Saurabh_Parmar_ETL_Developer_9yrs.docx
[2026-03-21 23:45:39] OK | legal_review | C:\vaultmind\workspace\input\Form_6_Hindi.pdf
[2026-03-21 23:48:56] OK | summarize | C:\vaultmind\workspace\input\Form_6_Hindi.pdf
[2026-03-22 18:21:46] OK | legal_review | C:\vaultmind\workspace\input\sample_contract.txt
[2026-03-22 18:46:26] OK | legal_review | C:\vaultmind\workspace\input\sample_contract.txt
[2026-03-22 18:58:24] OK | legal_review | C:\vaultmind\workspace\input\sample_contract.txt
[2026-03-22 19:10:26] OK | legal_review | C:\vaultmind\workspace\input\sample_contract.txt
[2026-03-22 20:50:20] OK | clause_extract | C:\vaultmind\workspace\input\sample_contract.txt
[2026-03-22 20:50:51] OK | track_deadlines | C:\vaultmind\workspace\input\sample_contract.txt
[2026-03-22 20:51:03] OK | track_deadlines | C:\vaultmind\workspace\input\sample_contract.txt
[2026-03-22 20:51:07] OK | generate_report | C:\vaultmind\workspace\input\sample_contract.txt
[2026-03-22 20:51:41] OK | compare | sample_contract.txt vs Saurabh_Parmar_ETL_Developer_9years.pdf
[2026-03-22 21:11:57] OK | draft_generate | employment
